<?xml version="1.0" encoding="UTF-8"?>
<testng-results ignored="0" total="1" passed="1" failed="0" skipped="0">
  <reporter-output>
  </reporter-output>
  <suite started-at="2021-02-12T13:29:41Z" name="Default suite" finished-at="2021-02-12T13:30:06Z" duration-ms="25294">
    <groups>
    </groups>
    <test started-at="2021-02-12T13:29:41Z" name="Default test" finished-at="2021-02-12T13:30:06Z" duration-ms="25294">
      <class name="istanbul.Testscripts.PayAmount">
        <test-method is-config="true" signature="openApp()[pri:0, instance:istanbul.Testscripts.PayAmount@6107227e]" started-at="2021-02-12T13:29:41Z" name="openApp" finished-at="2021-02-12T13:29:52Z" duration-ms="10838" status="PASS">
          <reporter-output>
          </reporter-output>
        </test-method> <!-- openApp -->
        <test-method signature="tc3()[pri:0, instance:istanbul.Testscripts.PayAmount@6107227e]" started-at="2021-02-12T13:29:52Z" name="tc3" finished-at="2021-02-12T13:30:05Z" duration-ms="13191" status="PASS">
          <reporter-output>
          </reporter-output>
        </test-method> <!-- tc3 -->
        <test-method is-config="true" signature="closeApp(org.testng.ITestResult)[pri:0, instance:istanbul.Testscripts.PayAmount@6107227e]" started-at="2021-02-12T13:30:05Z" name="closeApp" finished-at="2021-02-12T13:30:06Z" duration-ms="1211" status="PASS">
          <params>
            <param index="0">
              <value>
                <![CDATA[[TestResult name=tc3 status=SUCCESS method=PayAmount.tc3()[pri:0, instance:istanbul.Testscripts.PayAmount@6107227e] output={null}]]]>
              </value>
            </param>
          </params>
          <reporter-output>
          </reporter-output>
        </test-method> <!-- closeApp -->
      </class> <!-- istanbul.Testscripts.PayAmount -->
    </test> <!-- Default test -->
  </suite> <!-- Default suite -->
</testng-results>
